2025-04-04 12:04:39.433637 - Received CBT.V508.FILE577.PDS from FILE577.XMI 
2025-04-04 12:04:39.435082 - Found $$$#DATE.txt (text/plain) in CBT.V508.FILE577.PDS, moved to PDS/$$$#DATE
2025-04-04 12:04:39.435233 - Found $$NOTE.txt (text/plain) in CBT.V508.FILE577.PDS, moved to PDS/$$NOTE
2025-04-04 12:04:39.435383 - Found $$NOTE1.txt (text/plain) in CBT.V508.FILE577.PDS, moved to PDS/$$NOTE1
2025-04-04 12:04:39.435512 - Found $$NOTE2.txt (text/plain) in CBT.V508.FILE577.PDS, moved to PDS/$$NOTE2
2025-04-04 12:04:39.435635 - Found $$NOTE3.eml (message/rfc822) in CBT.V508.FILE577.PDS, moved to PDS/$$NOTE3
2025-04-04 12:04:39.435800 - Found $LOADLIB.xmi (application/xmit) in CBT.V508.FILE577.PDS, moved to PDS/$LOADLIB.xmi
2025-04-04 12:04:39.443013 - Received SBGOLOB.FILE577.LOADLIB from $LOADLIB.xmi 
2025-04-04 12:04:39.443410 - Found EMPTY.bin (application/octet-stream) in SBGOLOB.FILE577.LOADLIB, moved to $LOADLIB/EMPTY
2025-04-04 12:04:39.443543 - Found EXPCLEAN.bin (application/octet-stream) in SBGOLOB.FILE577.LOADLIB, moved to $LOADLIB/EXPCLEAN
2025-04-04 12:04:39.443674 - Found IRXNREG.bin (application/octet-stream) in SBGOLOB.FILE577.LOADLIB, moved to $LOADLIB/IRXNREG
2025-04-04 12:04:39.443789 - Found WAITING.bin (application/octet-stream) in SBGOLOB.FILE577.LOADLIB, moved to $LOADLIB/WAITING
2025-04-04 12:04:39.444316 - Found @FILE577.txt (text/plain) in CBT.V508.FILE577.PDS, moved to PDS/@FILE577
2025-04-04 12:04:39.444441 - Found ASMLKSG.jcl (text/plain) in CBT.V508.FILE577.PDS, moved to PDS/ASMLKSG
2025-04-04 12:04:39.444558 - Found CASIO.rexx (text/plain) in CBT.V508.FILE577.PDS, moved to PDS/CASIO
2025-04-04 12:04:39.444673 - Found CASI01.txt (text/plain) in CBT.V508.FILE577.PDS, moved to PDS/CASI01
2025-04-04 12:04:39.444784 - Found EASTER.rexx (text/plain) in CBT.V508.FILE577.PDS, moved to PDS/EASTER
2025-04-04 12:04:39.444916 - Found EMPTY.txt (text/plain) in CBT.V508.FILE577.PDS, moved to PDS/EMPTY
2025-04-04 12:04:39.445038 - Found EUCLIDES.rexx (text/plain) in CBT.V508.FILE577.PDS, moved to PDS/EUCLIDES
2025-04-04 12:04:39.445153 - Found EXPCLEAN.txt (text/plain) in CBT.V508.FILE577.PDS, moved to PDS/EXPCLEAN
2025-04-04 12:04:39.445270 - Found FFF.rexx (text/plain) in CBT.V508.FILE577.PDS, moved to PDS/FFF
2025-04-04 12:04:39.445381 - Found FGF.rexx (text/plain) in CBT.V508.FILE577.PDS, moved to PDS/FGF
2025-04-04 12:04:39.445521 - Found INF10.txt (text/plain) in CBT.V508.FILE577.PDS, moved to PDS/INF10
2025-04-04 12:04:39.445638 - Found IRXNREG.txt (text/plain) in CBT.V508.FILE577.PDS, moved to PDS/IRXNREG
2025-04-04 12:04:39.445749 - Found IRXNREG$.jcl (text/plain) in CBT.V508.FILE577.PDS, moved to PDS/IRXNREG$
2025-04-04 12:04:39.445864 - Found JEMPTY.jcl (text/plain) in CBT.V508.FILE577.PDS, moved to PDS/JEMPTY
2025-04-04 12:04:39.445987 - Found JEXPCL.jcl (text/plain) in CBT.V508.FILE577.PDS, moved to PDS/JEXPCL
2025-04-04 12:04:39.446100 - Found JWAIT.jcl (text/plain) in CBT.V508.FILE577.PDS, moved to PDS/JWAIT
2025-04-04 12:04:39.446215 - Found LISTA.rexx (text/plain) in CBT.V508.FILE577.PDS, moved to PDS/LISTA
2025-04-04 12:04:39.446329 - Found MN.rexx (text/plain) in CBT.V508.FILE577.PDS, moved to PDS/MN
2025-04-04 12:04:39.446451 - Found MNF.rexx (text/plain) in CBT.V508.FILE577.PDS, moved to PDS/MNF
2025-04-04 12:04:39.446563 - Found PCASIO.txt (text/plain) in CBT.V508.FILE577.PDS, moved to PDS/PCASIO
2025-04-04 12:04:39.446679 - Found PCASIOH.txt (text/plain) in CBT.V508.FILE577.PDS, moved to PDS/PCASIOH
2025-04-04 12:04:39.446801 - Found PSPACE1.txt (text/plain) in CBT.V508.FILE577.PDS, moved to PDS/PSPACE1
2025-04-04 12:04:39.446926 - Found PSPACE2.txt (text/plain) in CBT.V508.FILE577.PDS, moved to PDS/PSPACE2
2025-04-04 12:04:39.447043 - Found RWAIT.rexx (text/plain) in CBT.V508.FILE577.PDS, moved to PDS/RWAIT
2025-04-04 12:04:39.447163 - Found SPACE.rexx (text/plain) in CBT.V508.FILE577.PDS, moved to PDS/SPACE
2025-04-04 12:04:39.447275 - Found WAITING.txt (text/plain) in CBT.V508.FILE577.PDS, moved to PDS/WAITING
